<component name="ProjectRunConfigurationManager">
  <configuration default="false" name="JUnit tests (all)" type="JUnit" factoryName="JUnit">
    <module name="eng.eSystem" />
    <option name="MAIN_CLASS_NAME" value="" />
    <option name="METHOD_NAME" value="" />
    <option name="TEST_OBJECT" value="directory" />
    <option name="PARAMETERS" value="" />
    <option name="WORKING_DIRECTORY" value="%MODULE_WORKING_DIR%" />
    <dir value="$PROJECT_DIR$/test" />
    <method v="2">
      <option name="Make" enabled="true" />
    </method>
  </configuration>
</component>